2019-07-08 22:34:03 INFO  Main:15 - Predicate = true
2019-07-08 22:34:03 INFO  Main:18 - sqrt = 12.0
2019-07-08 22:34:03 INFO  Main:21 - Result square = 9.0
2019-07-08 22:34:03 INFO  Main:32 - Factorial = 6
2019-07-08 22:34:03 INFO  Main:38 - operationSum = 30
2019-07-08 22:34:03 INFO  Main:39 - operationDiv = 0
2019-07-08 22:34:03 INFO  Main:40 - operationMul = 161
2019-07-08 22:34:03 INFO  Main:41 - operationSub = -16
2019-07-08 22:34:03 INFO  Main:54 - areacircle = 16,62
2019-07-08 22:34:03 INFO  Main:55 - circumference = 32,04
2019-07-08 22:34:03 INFO  Main:77 - iAverage = 46,03087
2019-08-02 09:51:11 INFO  Main:15 - Predicate = true
2019-08-02 09:51:11 INFO  Main:18 - sqrt = 12.0
2019-08-02 09:51:11 INFO  Main:21 - Result square = 9.0
2019-08-02 09:51:11 INFO  Main:32 - Factorial = 6
2019-08-02 09:51:11 INFO  Main:38 - operationSum = 30
2019-08-02 09:51:11 INFO  Main:39 - operationDiv = 0
2019-08-02 09:51:11 INFO  Main:40 - operationMul = 161
2019-08-02 09:51:11 INFO  Main:41 - operationSub = -16
2019-08-02 09:51:11 INFO  Main:54 - areacircle = 16,62
2019-08-02 09:51:11 INFO  Main:55 - circumference = 32,04
2019-08-02 09:51:11 INFO  Main:77 - iAverage = 72,17748
